2021-01-16 08:23:01
/sauvegardes/test/gestion_compte_test20210116.sql.gz
2021-01-16 08:24:01
/sauvegardes/test/gestion_compte_test20210116.sql.gz
2021-01-16 08:25:01
/sauvegardes/test/gestion_compte_test20210116.sql.gz
2021-01-16 08:26:01
/sauvegardes/test/gestion_compte_test2021-01-16 08:26:01.sql.gz
2021-01-16 08:27:01
/sauvegardes/test/gestion_compte_test@202101162021-01-16 08:27:01.sql.gz
2021-01-16 08:28:01
/sauvegardes/test/gestion_compte_test@202101162021-01-16 08:28:01.sql.gz
2021-01-16 08:29:01
/sauvegardes/test/gestion_compte_test@202101162021-01-16 08:29:01.sql.gz
2021-01-16 08:30:01
/sauvegardes/test/gestion_compte_test@202101162021-01-16 08:30:01.sql.gz
2021-01-16 08:31:01
/sauvegardes/test/gestion_compte_test@202101162021-01-16 08:31:01.sql.gz
2021-01-16 08:32:01
/sauvegardes/test/gestion_compte_test@202101162021-01-16 08:32:01.sql.gz
2021-01-16 08:33:01
/sauvegardes/test/gestion_compte_test@202101162021-01-16 08:33:01.sql.gz
2021-01-16 08:34:01
/sauvegardes/test/gestion_compte_test@202101162021-01-16 08:34:01.sql.gz
2021-01-16 08:35:01
/sauvegardes/test/gestion_compte_test@202101162021-01-16 08:35:01.sql.gz
2021-01-16 08:36:01
/sauvegardes/test/gestion_compte_test@202101162021-01-16 08:36:01.sql.gz
2021-01-16 08:37:01
/sauvegardes/test/gestion_compte_test@202101162021-01-16 08:37:01.sql.gz
date: invalid date ‘%T’
2021-01-16 08:38:01
/sauvegardes/test/gestion_compte_test@20210116-.sql.gz
2021-01-16 08:39:01
/sauvegardes/test/gestion_compte_test@20210116-08:39:01.sql.gz
2021-01-16 08:40:01
/sauvegardes/test/gestion_compte_test@20210116-08:40:01.sql.gz
2021-01-16 08:41:01
/sauvegardes/test/gestion_compte_test@20210116-08:41:01.sql.gz
2021-01-16 08:42:01
/sauvegardes/test/gestion_compte_test@20210116-08:42:01.sql.gz
2021-01-16 08:43:01
/sauvegardes/test/gestion_compte_test@20210116-08:43:01.sql.gz
2021-01-16 08:44:01
/sauvegardes/test/gestion_compte_test@20210116-08:44:01.sql.gz
2021-01-16 08:45:01
/sauvegardes/test/gestion_compte_test@20210116-08:45:01.sql.gz
2021-01-16 08:46:01
/sauvegardes/test/gestion_compte_test@2021-01-16-08:46:01.sql.gz
2021-01-16 08:47:01
/sauvegardes/test/gestion_compte_test@2021-01-16-08:47:01.sql.gz
2021-01-16 08:48:01
/sauvegardes/test/gestion_compte_test@2021-01-16-08:48:01.sql.gz
2021-01-16 08:49:01
/sauvegardes/test/gestion_compte_test@2021-01-16-08:49:01.sql.gz
2021-01-16 08:50:01
/sauvegardes/test/gestion_compte_test@2021-01-16-08:50:01.sql.gz
2021-01-16 08:51:01
/sauvegardes/test/gestion_compte_test@2021-01-16-08:51:01.sql.gz
2021-01-16 08:52:01
/sauvegardes/test/gestion_compte_test@2021-01-16-08:52:01.sql.gz
2021-01-16 08:53:01
/sauvegardes/test/gestion_compte_test@2021-01-16-08:53:01.sql.gz
2021-01-16 08:54:01
/sauvegardes/test/gestion_compte_test@2021-01-16-08:54:01.sql.gz
2021-01-16 08:55:01
/sauvegardes/test/gestion_compte_test@2021-01-16-08:55:01.sql.gz
2021-01-16 08:56:01
/sauvegardes/test/gestion_compte_test@2021-01-16-08:56:01.sql.gz
2021-01-16 08:57:01
/sauvegardes/test/gestion_compte_test@2021-01-16-08:57:01.sql.gz
2021-01-16 08:58:01
/sauvegardes/test/gestion_compte_test@2021-01-16-08:58:01.sql.gz
2021-01-16 08:59:01
/sauvegardes/test/gestion_compte_test@2021-01-16-08:59:01.sql.gz
2021-01-16 09:00:01
/sauvegardes/test/gestion_compte_test@2021-01-16-09:00:01.sql.gz
2021-01-16 09:01:01
/sauvegardes/test/gestion_compte_test@2021-01-16-09:01:01.sql.gz
2021-01-16 09:02:01
/sauvegardes/test/gestion_compte_test@2021-01-16-09:02:01.sql.gz
2021-01-16 09:03:01
/sauvegardes/test/gestion_compte_test@2021-01-16-09:03:01.sql.gz
2021-01-16 09:04:01
/sauvegardes/test/gestion_compte_test@2021-01-16-09:04:01.sql.gz
2021-01-16 09:05:01
/sauvegardes/test/gestion_compte_test@2021-01-16-09:05:01.sql.gz
2021-01-16 09:06:01
/sauvegardes/test/gestion_compte_test@2021-01-16-09:06:01.sql.gz
2021-01-16 09:07:01
/sauvegardes/test/gestion_compte_test@2021-01-16-09:07:01.sql.gz
2021-01-16 09:08:01
/sauvegardes/test/gestion_compte_test@2021-01-16-09:08:01.sql.gz
